<?xml version="1.0" encoding="UTF-8"?>
<!-- Generated by org.testng.reporters.JUnitReportReporter -->
<testsuite hostname="MaÅ¡ina" failures="0" tests="2" name="TestCases.NewTest" time="28.549" errors="0" timestamp="11 Mar 2021 18:20:54 GMT">
  <testcase classname="TestCases.NewTest" name="FirstTest" time="13.978"/>
  <testcase classname="TestCases.NewTest" name="SecondTest" time="14.571"/>
</testsuite> <!-- TestCases.NewTest -->
